<?xml version="1.0" encoding="UTF-8"?>
<!-- Generated by org.testng.reporters.JUnitXMLReporter -->
<testsuite ignored="0" hostname="Harishs-MacBook-Pro.local" failures="0" tests="3" name="Login and Search Tests" time="16.74" errors="0" timestamp="2025-04-11T18:38:21 IST">
  <testcase classname="Lekha_Assignment" name="login" time="5.332"/>
  <testcase classname="Lekha_Assignment" name="search" time="2.71"/>
  <testcase classname="Lekha_Assignment" name="logoutUser" time="4.34"/>
</testsuite> <!-- Login and Search Tests -->
