<?xml version="1.0" encoding="UTF-8"?>
<!-- Generated by org.testng.reporters.JUnitXMLReporter -->
<testsuite ignored="0" hostname="Harishs-MacBook-Pro.local" failures="0" tests="3" name="ValidLogin" time="20.536" errors="0" timestamp="2025-04-11T21:38:01 IST">
  <testcase classname="IntervueTests.Lekha_Assignment" name="testLogin" time="7.015"/>
  <testcase classname="IntervueTests.Lekha_Assignment" name="search" time="6.034"/>
  <testcase classname="IntervueTests.Lekha_Assignment" name="logoutUser" time="4.119"/>
</testsuite> <!-- ValidLogin -->
