<?xml version="1.0" encoding="UTF-8"?>
<!-- Generated by org.testng.reporters.JUnitXMLReporter -->
<testsuite ignored="0" hostname="Harishs-MacBook-Pro.local" failures="0" tests="3" name="ValidLogin" time="19.129" errors="0" timestamp="2025-04-11T19:27:55 IST">
  <testcase classname="Lekha_Assignment" name="testLogin" time="5.134"/>
  <testcase classname="Lekha_Assignment" name="search" time="5.907"/>
  <testcase classname="Lekha_Assignment" name="logoutUser" time="4.123"/>
</testsuite> <!-- ValidLogin -->
