<?xml version="1.0" encoding="UTF-8"?>
<!-- Generated by org.testng.reporters.JUnitXMLReporter -->
<testsuite ignored="0" hostname="Harishs-MacBook-Pro.local" failures="0" tests="3" name="ValidLogin" time="21.403" errors="0" timestamp="2025-04-11T21:47:15 IST">
  <testcase classname="IntervueTests.Lekha_Assignment" name="testLogin" time="4.92"/>
  <testcase classname="IntervueTests.Lekha_Assignment" name="search" time="6.22"/>
  <testcase classname="IntervueTests.Lekha_Assignment" name="logoutUser" time="4.985"/>
</testsuite> <!-- ValidLogin -->
